0 info it worked if it ends with ok
1 verbose cli [ 'node',
1 verbose cli   '/usr/local/bin/npm',
1 verbose cli   'install',
1 verbose cli   'q',
1 verbose cli   'promise-transform-stream' ]
2 info using npm@1.4.28
3 info using node@v0.10.35
4 verbose cache add [ 'q', null ]
5 verbose cache add name=undefined spec="q" args=["q",null]
6 verbose parsed url { protocol: null,
6 verbose parsed url   slashes: null,
6 verbose parsed url   auth: null,
6 verbose parsed url   host: null,
6 verbose parsed url   port: null,
6 verbose parsed url   hostname: null,
6 verbose parsed url   hash: null,
6 verbose parsed url   search: null,
6 verbose parsed url   query: null,
6 verbose parsed url   pathname: 'q',
6 verbose parsed url   path: 'q',
6 verbose parsed url   href: 'q' }
7 verbose cache add [ 'promise-transform-stream', null ]
8 verbose cache add name=undefined spec="promise-transform-stream" args=["promise-transform-stream",null]
9 verbose parsed url { protocol: null,
9 verbose parsed url   slashes: null,
9 verbose parsed url   auth: null,
9 verbose parsed url   host: null,
9 verbose parsed url   port: null,
9 verbose parsed url   hostname: null,
9 verbose parsed url   hash: null,
9 verbose parsed url   search: null,
9 verbose parsed url   query: null,
9 verbose parsed url   pathname: 'promise-transform-stream',
9 verbose parsed url   path: 'promise-transform-stream',
9 verbose parsed url   href: 'promise-transform-stream' }
10 silly lockFile 22ea1c64-q q
11 verbose lock q /Users/winterg/.npm/22ea1c64-q.lock
12 silly lockFile e9f3e247-promise-transform-stream promise-transform-stream
13 verbose lock promise-transform-stream /Users/winterg/.npm/e9f3e247-promise-transform-stream.lock
14 silly lockFile 22ea1c64-q q
15 silly lockFile 22ea1c64-q q
16 silly lockFile e9f3e247-promise-transform-stream promise-transform-stream
17 silly lockFile e9f3e247-promise-transform-stream promise-transform-stream
18 verbose addNamed [ 'q', '' ]
19 verbose addNamed [ null, '*' ]
20 silly lockFile f83edb5d-q q@
21 verbose lock q@ /Users/winterg/.npm/f83edb5d-q.lock
22 verbose addNamed [ 'promise-transform-stream', '' ]
23 verbose addNamed [ null, '*' ]
24 silly lockFile b9e565ce-promise-transform-stream promise-transform-stream@
25 verbose lock promise-transform-stream@ /Users/winterg/.npm/b9e565ce-promise-transform-stream.lock
26 silly addNameRange { name: 'q', range: '*', hasData: false }
27 silly addNameRange { name: 'promise-transform-stream', range: '*', hasData: false }
28 verbose request where is /promise-transform-stream
29 verbose request registry https://registry.npmjs.org/
30 verbose request id ac3f297e3815d311
31 verbose url raw /promise-transform-stream
32 verbose url resolving [ 'https://registry.npmjs.org/', './promise-transform-stream' ]
33 verbose url resolved https://registry.npmjs.org/promise-transform-stream
34 verbose request where is https://registry.npmjs.org/promise-transform-stream
35 info trying registry request attempt 1 at 13:12:18
36 http GET https://registry.npmjs.org/promise-transform-stream
37 verbose request where is /q
38 verbose request registry https://registry.npmjs.org/
39 verbose url raw /q
40 verbose url resolving [ 'https://registry.npmjs.org/', './q' ]
41 verbose url resolved https://registry.npmjs.org/q
42 verbose request where is https://registry.npmjs.org/q
43 info trying registry request attempt 1 at 13:12:18
44 verbose etag "BMXRB64CGQJGW9GGRSEAS52HE"
45 http GET https://registry.npmjs.org/q
46 http 404 https://registry.npmjs.org/promise-transform-stream
47 verbose headers { server: 'CouchDB/1.5.0 (Erlang OTP/R16B03)',
47 verbose headers   'content-type': 'application/json',
47 verbose headers   'cache-control': 'max-age=0',
47 verbose headers   'content-length': '51',
47 verbose headers   'accept-ranges': 'bytes',
47 verbose headers   date: 'Fri, 19 Jun 2015 17:12:17 GMT',
47 verbose headers   via: '1.1 varnish',
47 verbose headers   age: '0',
47 verbose headers   connection: 'keep-alive',
47 verbose headers   'x-served-by': 'cache-jfk1029-JFK',
47 verbose headers   'x-cache': 'MISS',
47 verbose headers   'x-cache-hits': '0',
47 verbose headers   'x-timer': 'S1434733937.064172,VS0,VE21' }
48 silly registry.get cb [ 404,
48 silly registry.get   { server: 'CouchDB/1.5.0 (Erlang OTP/R16B03)',
48 silly registry.get     'content-type': 'application/json',
48 silly registry.get     'cache-control': 'max-age=0',
48 silly registry.get     'content-length': '51',
48 silly registry.get     'accept-ranges': 'bytes',
48 silly registry.get     date: 'Fri, 19 Jun 2015 17:12:17 GMT',
48 silly registry.get     via: '1.1 varnish',
48 silly registry.get     age: '0',
48 silly registry.get     connection: 'keep-alive',
48 silly registry.get     'x-served-by': 'cache-jfk1029-JFK',
48 silly registry.get     'x-cache': 'MISS',
48 silly registry.get     'x-cache-hits': '0',
48 silly registry.get     'x-timer': 'S1434733937.064172,VS0,VE21' } ]
49 silly lockFile b9e565ce-promise-transform-stream promise-transform-stream@
50 silly lockFile b9e565ce-promise-transform-stream promise-transform-stream@
51 http 200 https://registry.npmjs.org/q
52 silly registry.get cb [ 200,
52 silly registry.get   { server: 'CouchDB/1.5.0 (Erlang OTP/R16B03)',
52 silly registry.get     etag: '"4R5CS0LM1XPD5VP9FI4F3O0PP"',
52 silly registry.get     'content-type': 'application/json',
52 silly registry.get     'cache-control': 'max-age=60',
52 silly registry.get     'content-length': '142432',
52 silly registry.get     'accept-ranges': 'bytes',
52 silly registry.get     date: 'Fri, 19 Jun 2015 17:12:17 GMT',
52 silly registry.get     via: '1.1 varnish',
52 silly registry.get     age: '17',
52 silly registry.get     connection: 'keep-alive',
52 silly registry.get     'x-served-by': 'cache-jfk1020-JFK',
52 silly registry.get     'x-cache': 'HIT',
52 silly registry.get     'x-cache-hits': '14',
52 silly registry.get     'x-timer': 'S1434733937.090199,VS0,VE0',
52 silly registry.get     vary: 'Accept' } ]
53 silly addNameRange number 2 { name: 'q', range: '*', hasData: true }
54 silly addNameRange versions [ 'q',
54 silly addNameRange   [ '0.0.0',
54 silly addNameRange     '0.0.1',
54 silly addNameRange     '0.0.2',
54 silly addNameRange     '0.0.3',
54 silly addNameRange     '0.1.0',
54 silly addNameRange     '0.1.1',
54 silly addNameRange     '0.1.2',
54 silly addNameRange     '0.1.3',
54 silly addNameRange     '0.1.4',
54 silly addNameRange     '0.1.5',
54 silly addNameRange     '0.1.6',
54 silly addNameRange     '0.1.7',
54 silly addNameRange     '0.1.8',
54 silly addNameRange     '0.1.9',
54 silly addNameRange     '0.2.0-rc1',
54 silly addNameRange     '0.2.0',
54 silly addNameRange     '0.2.1',
54 silly addNameRange     '0.2.2',
54 silly addNameRange     '0.2.3',
54 silly addNameRange     '0.2.4',
54 silly addNameRange     '0.2.5',
54 silly addNameRange     '0.2.6',
54 silly addNameRange     '0.2.7',
54 silly addNameRange     '0.2.8',
54 silly addNameRange     '0.2.9',
54 silly addNameRange     '0.3.0',
54 silly addNameRange     '0.2.10',
54 silly addNameRange     '0.4.0',
54 silly addNameRange     '0.4.1',
54 silly addNameRange     '0.4.2',
54 silly addNameRange     '0.4.4',
54 silly addNameRange     '0.5.0',
54 silly addNameRange     '0.5.1',
54 silly addNameRange     '0.5.2',
54 silly addNameRange     '0.5.3',
54 silly addNameRange     '0.6.0',
54 silly addNameRange     '0.7.0',
54 silly addNameRange     '0.7.1',
54 silly addNameRange     '0.7.2',
54 silly addNameRange     '0.8.0',
54 silly addNameRange     '0.8.1',
54 silly addNameRange     '0.8.2',
54 silly addNameRange     '0.8.3',
54 silly addNameRange     '0.8.4',
54 silly addNameRange     '0.8.5',
54 silly addNameRange     '0.8.6',
54 silly addNameRange     '0.8.7',
54 silly addNameRange     '0.8.8',
54 silly addNameRange     '0.8.9',
54 silly addNameRange     '0.8.10',
54 silly addNameRange     '0.8.11',
54 silly addNameRange     '0.8.12',
54 silly addNameRange     '0.9.0',
54 silly addNameRange     '0.9.1',
54 silly addNameRange     '0.9.2',
54 silly addNameRange     '0.9.3',
54 silly addNameRange     '0.9.4',
54 silly addNameRange     '0.9.5',
54 silly addNameRange     '0.9.6',
54 silly addNameRange     '0.9.7',
54 silly addNameRange     '1.0.0',
54 silly addNameRange     '1.0.1',
54 silly addNameRange     '2.0.0',
54 silly addNameRange     '2.0.1',
54 silly addNameRange     '2.0.2',
54 silly addNameRange     '1.1.0',
54 silly addNameRange     '1.1.1',
54 silly addNameRange     '1.1.2',
54 silly addNameRange     '2.0.3',
54 silly addNameRange     '1.2.0',
54 silly addNameRange     '1.2.1',
54 silly addNameRange     '1.3.0',
54 silly addNameRange     '1.4.0',
54 silly addNameRange     '1.4.1' ] ]
55 verbose addNamed [ 'q', '1.4.1' ]
56 verbose addNamed [ '1.4.1', '1.4.1' ]
57 silly lockFile 0ea9f2d2-q-1-4-1 q@1.4.1
58 verbose lock q@1.4.1 /Users/winterg/.npm/0ea9f2d2-q-1-4-1.lock
59 silly lockFile ab42a988-registry-npmjs-org-q-q-1-4-1-tgz https://registry.npmjs.org/q/-/q-1.4.1.tgz
60 verbose lock https://registry.npmjs.org/q/-/q-1.4.1.tgz /Users/winterg/.npm/ab42a988-registry-npmjs-org-q-q-1-4-1-tgz.lock
61 verbose addRemoteTarball [ 'https://registry.npmjs.org/q/-/q-1.4.1.tgz',
61 verbose addRemoteTarball   '55705bcd93c5f3673530c2c2cbc0c2b3addc286e' ]
62 info retry fetch attempt 1 at 13:12:20
63 verbose fetch to= /var/folders/3t/sz6ct_d102qb5jwp878_l4zm0000gn/T/npm-16294-RzzmQFcX/registry.npmjs.org/q/-/q-1.4.1.tgz
64 http GET https://registry.npmjs.org/q/-/q-1.4.1.tgz
65 http 200 https://registry.npmjs.org/q/-/q-1.4.1.tgz
66 silly lockFile ab42a988-registry-npmjs-org-q-q-1-4-1-tgz https://registry.npmjs.org/q/-/q-1.4.1.tgz
67 silly lockFile ab42a988-registry-npmjs-org-q-q-1-4-1-tgz https://registry.npmjs.org/q/-/q-1.4.1.tgz
68 silly lockFile 0ea9f2d2-q-1-4-1 q@1.4.1
69 silly lockFile 0ea9f2d2-q-1-4-1 q@1.4.1
70 silly lockFile f83edb5d-q q@
71 silly lockFile f83edb5d-q q@
72 error 404 404 Not Found: promise-transform-stream
72 error 404
72 error 404 'promise-transform-stream' is not in the npm registry.
72 error 404 You should bug the author to publish it
72 error 404
72 error 404 Note that you can also install from a
72 error 404 tarball, folder, or http url, or git url.
73 error System Darwin 14.3.0
74 error command "node" "/usr/local/bin/npm" "install" "q" "promise-transform-stream"
75 error cwd /Users/winterg/Dropbox (MIT)/Development_Workspace/UROP
76 error node -v v0.10.35
77 error npm -v 1.4.28
78 error code E404
79 verbose exit [ 1, true ]
